16:45:38 **** Incremental Build of configuration Debug for project Test004-ADC-DMA ****
make -j24 all 
arm-none-eabi-gcc -o "Test004-ADC-DMA.elf" @"objects.list"   -mcpu=cortex-m4 -T"C:\Users\user\source\repos\STM32\Test004-ADC-DMA\STM32F411RETX_FLASH.ld" --specs=nosys.specs -Wl,-Map="Test004-ADC-DMA.map" -Wl,--gc-sections -static --specs=nano.specs -mfpu=fpv4-sp-d16 -mfloat-abi=hard -mthumb -Wl,--start-group -lc -lm -Wl,--end-group
C:/ST/STM32CubeIDE_1.14.1/STM32CubeIDE/plugins/com.st.stm32cube.ide.mcu.externaltools.gnu-tools-for-stm32.11.3.rel1.win32_1.1.100.202309141235/tools/bin/../lib/gcc/arm-none-eabi/11.3.1/../../../../arm-none-eabi/bin/ld.exe: ./Core/Src/main.o: in function `main':
C:/Users/user/source/repos/STM32/Test004-ADC-DMA/Debug/../Core/Src/main.c:103: undefined reference to `ProgramStart'
collect2.exe: error: ld returned 1 exit status
make: *** [makefile:64: Test004-ADC-DMA.elf] Error 1
"make -j24 all" terminated with exit code 2. Build might be incomplete.

16:45:39 Build Failed. 2 errors, 0 warnings. (took 386ms)

